<?xml version="1.0" encoding="UTF-8"?>
<testsuite name="com.ev3opcode.commands.output.arguments.BreakLevelValueTest" tests="2" skipped="0" failures="0" errors="0" timestamp="2025-03-14T09:06:47" hostname="DESKTOP-2OC3TGI" time="0.001">
  <properties/>
  <testcase name="getBreakLevel_returnsBreak" classname="com.ev3opcode.commands.output.arguments.BreakLevelValueTest" time="0.0"/>
  <testcase name="setBreakLevel_float_setsValue" classname="com.ev3opcode.commands.output.arguments.BreakLevelValueTest" time="0.0"/>
  <system-out><![CDATA[]]></system-out>
  <system-err><![CDATA[]]></system-err>
</testsuite>
