<?xml version="1.0" encoding="UTF-8"?>
<testsuite name="com.ev3opcode.common.arguments.ArgumentLocalReferenceTest" tests="4" skipped="0" failures="0" errors="0" timestamp="2025-03-14T09:06:48" hostname="DESKTOP-2OC3TGI" time="0.004">
  <properties/>
  <testcase name="ShortLocalVariableTestArgument_getBytes_byteCode" classname="com.ev3opcode.common.arguments.ArgumentLocalReferenceTest" time="0.002"/>
  <testcase name="LongLocalVariable8TestArgument_getBytes_byteCode" classname="com.ev3opcode.common.arguments.ArgumentLocalReferenceTest" time="0.001"/>
  <testcase name="LongLocalVariable32TestArgument_getBytes_byteCode" classname="com.ev3opcode.common.arguments.ArgumentLocalReferenceTest" time="0.0"/>
  <testcase name="LongLocalVariable16TestArgument_getBytes_byteCode" classname="com.ev3opcode.common.arguments.ArgumentLocalReferenceTest" time="0.0"/>
  <system-out><![CDATA[]]></system-out>
  <system-err><![CDATA[]]></system-err>
</testsuite>
