<?xml version="1.0" encoding="UTF-8"?>
<testsuite name="com.ev3opcode.commands.output.arguments.PowerLevelValueTest" tests="4" skipped="0" failures="0" errors="0" timestamp="2025-03-14T09:06:47" hostname="DESKTOP-2OC3TGI" time="0.009">
  <properties/>
  <testcase name="setPowerLevel_greaterThan100_throwsException" classname="com.ev3opcode.commands.output.arguments.PowerLevelValueTest" time="0.001"/>
  <testcase name="setPowerLevel_99_setsValue" classname="com.ev3opcode.commands.output.arguments.PowerLevelValueTest" time="0.002"/>
  <testcase name="getPowerLevel_returns12" classname="com.ev3opcode.commands.output.arguments.PowerLevelValueTest" time="0.004"/>
  <testcase name="setPowerLevel_lesserThanMinus100_throwsException" classname="com.ev3opcode.commands.output.arguments.PowerLevelValueTest" time="0.002"/>
  <system-out><![CDATA[]]></system-out>
  <system-err><![CDATA[]]></system-err>
</testsuite>
