<?xml version="1.0" encoding="UTF-8"?>
<testsuite name="com.ev3opcode.commands.program.arguments.ProgramImageSizeValueTest" tests="2" skipped="0" failures="0" errors="0" timestamp="2025-03-14T09:06:47" hostname="DESKTOP-2OC3TGI" time="0.002">
  <properties/>
  <testcase name="setImageSize_256_setsValue" classname="com.ev3opcode.commands.program.arguments.ProgramImageSizeValueTest" time="0.002"/>
  <testcase name="getImageSize_returns100" classname="com.ev3opcode.commands.program.arguments.ProgramImageSizeValueTest" time="0.0"/>
  <system-out><![CDATA[]]></system-out>
  <system-err><![CDATA[]]></system-err>
</testsuite>
