<?xml version="1.0" encoding="UTF-8"?>
<testsuite name="com.ev3opcode.commands.ui.UpdateTest" tests="5" skipped="0" failures="0" errors="0" timestamp="2025-03-14T09:06:47" hostname="DESKTOP-2OC3TGI" time="0.004">
  <properties/>
  <testcase name="allocatedGlobalBlockSize_Update_0" classname="com.ev3opcode.commands.ui.UpdateTest" time="0.0"/>
  <testcase name="getSize_Update_2" classname="com.ev3opcode.commands.ui.UpdateTest" time="0.001"/>
  <testcase name="getBytes_Update_lengthOf2" classname="com.ev3opcode.commands.ui.UpdateTest" time="0.001"/>
  <testcase name="getBytes_FillWindow_expectedByteCode" classname="com.ev3opcode.commands.ui.UpdateTest" time="0.0"/>
  <testcase name="allocatedLocalBlockSize_Update_0" classname="com.ev3opcode.commands.ui.UpdateTest" time="0.0"/>
  <system-out><![CDATA[]]></system-out>
  <system-err><![CDATA[]]></system-err>
</testsuite>
