<?xml version="1.0" encoding="UTF-8"?>
<testsuite name="com.ev3opcode.common.arguments.ChainLayerNumberValueTest" tests="2" skipped="0" failures="0" errors="0" timestamp="2025-03-14T09:06:48" hostname="DESKTOP-2OC3TGI" time="0.001">
  <properties/>
  <testcase name="getLayerNumber_returnsZero" classname="com.ev3opcode.common.arguments.ChainLayerNumberValueTest" time="0.001"/>
  <testcase name="setLayerNumber_three_setsValue" classname="com.ev3opcode.common.arguments.ChainLayerNumberValueTest" time="0.0"/>
  <system-out><![CDATA[]]></system-out>
  <system-err><![CDATA[]]></system-err>
</testsuite>
