<?xml version="1.0" encoding="UTF-8"?>
<testsuite name="com.ev3opcode.common.types.LongGlobalVariable16Test" tests="5" skipped="0" failures="0" errors="0" timestamp="2025-03-14T09:06:48" hostname="DESKTOP-2OC3TGI" time="0.002">
  <properties/>
  <testcase name="getBytes_zero_following2Bytes" classname="com.ev3opcode.common.types.LongGlobalVariable16Test" time="0.001"/>
  <testcase name="getSize_zero_threeBytes" classname="com.ev3opcode.common.types.LongGlobalVariable16Test" time="0.0"/>
  <testcase name="getBytes_positive1939_following2Bytes" classname="com.ev3opcode.common.types.LongGlobalVariable16Test" time="0.0"/>
  <testcase name="setValue_negative32768_throwsException" classname="com.ev3opcode.common.types.LongGlobalVariable16Test" time="0.0"/>
  <testcase name="getBytes_negative1939_following2Bytes" classname="com.ev3opcode.common.types.LongGlobalVariable16Test" time="0.001"/>
  <system-out><![CDATA[]]></system-out>
  <system-err><![CDATA[]]></system-err>
</testsuite>
