<?xml version="1.0" encoding="UTF-8"?>
<testsuite name="com.ev3opcode.commands.output.MoveSpeedTest" tests="7" skipped="0" failures="0" errors="0" timestamp="2025-03-14T09:06:47" hostname="DESKTOP-2OC3TGI" time="0.007">
  <properties/>
  <testcase name="allocatedGlobalBlockSize_MoveSpeed_0" classname="com.ev3opcode.commands.output.MoveSpeedTest" time="0.003"/>
  <testcase name="getBytes_MoveStepSpeed_expectedByteCode" classname="com.ev3opcode.commands.output.MoveSpeedTest" time="0.0"/>
  <testcase name="allocatedLocalBlockSize_MoveSpeed_0" classname="com.ev3opcode.commands.output.MoveSpeedTest" time="0.001"/>
  <testcase name="SpeedLevelValue_positive101_throwsException" classname="com.ev3opcode.commands.output.MoveSpeedTest" time="0.0"/>
  <testcase name="getBytes_MoveSpeed_lengthOf5" classname="com.ev3opcode.commands.output.MoveSpeedTest" time="0.001"/>
  <testcase name="SpeedLevelValue_negative101_throwsException" classname="com.ev3opcode.commands.output.MoveSpeedTest" time="0.0"/>
  <testcase name="getSize_MoveSpeed_5" classname="com.ev3opcode.commands.output.MoveSpeedTest" time="0.001"/>
  <system-out><![CDATA[]]></system-out>
  <system-err><![CDATA[]]></system-err>
</testsuite>
