<?xml version="1.0" encoding="UTF-8"?>
<testsuite name="com.ev3opcode.commands.sound.arguments.FrequencyValueTest" tests="4" skipped="0" failures="0" errors="0" timestamp="2025-03-14T09:06:47" hostname="DESKTOP-2OC3TGI" time="0.001">
  <properties/>
  <testcase name="setFrequency_greaterThan10000_throwsException" classname="com.ev3opcode.commands.sound.arguments.FrequencyValueTest" time="0.0"/>
  <testcase name="setFrequency_lessThan250_throwsException" classname="com.ev3opcode.commands.sound.arguments.FrequencyValueTest" time="0.0"/>
  <testcase name="getFrequency_returns1984" classname="com.ev3opcode.commands.sound.arguments.FrequencyValueTest" time="0.0"/>
  <testcase name="setFrequency_5000_setsValue" classname="com.ev3opcode.commands.sound.arguments.FrequencyValueTest" time="0.0"/>
  <system-out><![CDATA[]]></system-out>
  <system-err><![CDATA[]]></system-err>
</testsuite>
