<?xml version="1.0" encoding="UTF-8"?>
<testsuite name="com.ev3opcode.commands.ui.arguments.XStartValueTest" tests="4" skipped="0" failures="0" errors="0" timestamp="2025-03-14T09:06:47" hostname="DESKTOP-2OC3TGI" time="0.013">
  <properties/>
  <testcase name="getXStart_returns20" classname="com.ev3opcode.commands.ui.arguments.XStartValueTest" time="0.001"/>
  <testcase name="setXStart_greaterThan177_throwsException" classname="com.ev3opcode.commands.ui.arguments.XStartValueTest" time="0.001"/>
  <testcase name="setXStart_lessThanZero_throwsException" classname="com.ev3opcode.commands.ui.arguments.XStartValueTest" time="0.0"/>
  <testcase name="setXStart_32_setsValue" classname="com.ev3opcode.commands.ui.arguments.XStartValueTest" time="0.004"/>
  <system-out><![CDATA[]]></system-out>
  <system-err><![CDATA[]]></system-err>
</testsuite>
