<?xml version="1.0" encoding="UTF-8"?>
<testsuite name="com.ev3opcode.commands.output.arguments.TachoPulsesValueTest" tests="2" skipped="0" failures="0" errors="0" timestamp="2025-03-14T09:06:47" hostname="DESKTOP-2OC3TGI" time="0.001">
  <properties/>
  <testcase name="setTachoPulses_777_setsValue" classname="com.ev3opcode.commands.output.arguments.TachoPulsesValueTest" time="0.0"/>
  <testcase name="getTachoPulses_returns666" classname="com.ev3opcode.commands.output.arguments.TachoPulsesValueTest" time="0.001"/>
  <system-out><![CDATA[]]></system-out>
  <system-err><![CDATA[]]></system-err>
</testsuite>
