<?xml version="1.0" encoding="UTF-8"?>
<testsuite name="com.ev3opcode.commands.ui.ReadBatteryLevelTest" tests="6" skipped="0" failures="0" errors="0" timestamp="2025-03-14T09:06:47" hostname="DESKTOP-2OC3TGI" time="0.004">
  <properties/>
  <testcase name="LoadImageReturnedValues_responseBuffer_properValues" classname="com.ev3opcode.commands.ui.ReadBatteryLevelTest" time="0.002"/>
  <testcase name="allocatedGlobalBlockSize_LoadImage_0" classname="com.ev3opcode.commands.ui.ReadBatteryLevelTest" time="0.001"/>
  <testcase name="getBytes_ReadBatteryLevel_lengthOf4" classname="com.ev3opcode.commands.ui.ReadBatteryLevelTest" time="0.0"/>
  <testcase name="allocatedLocalBlockSize_LoadImage_1" classname="com.ev3opcode.commands.ui.ReadBatteryLevelTest" time="0.001"/>
  <testcase name="getBytes_ReadBatteryLevel_expectedByteCode" classname="com.ev3opcode.commands.ui.ReadBatteryLevelTest" time="0.0"/>
  <testcase name="getSize_ReadBatteryLevel_4" classname="com.ev3opcode.commands.ui.ReadBatteryLevelTest" time="0.0"/>
  <system-out><![CDATA[]]></system-out>
  <system-err><![CDATA[]]></system-err>
</testsuite>
