<?xml version="1.0" encoding="UTF-8"?>
<testsuite name="com.ev3opcode.commands.output.arguments.SpeedLevelValueTest" tests="4" skipped="0" failures="0" errors="0" timestamp="2025-03-14T09:06:47" hostname="DESKTOP-2OC3TGI" time="0.002">
  <properties/>
  <testcase name="setSpeedLevel_21_setsValue" classname="com.ev3opcode.commands.output.arguments.SpeedLevelValueTest" time="0.0"/>
  <testcase name="setSpeedLevel_lesserThanMinus100_throwsException" classname="com.ev3opcode.commands.output.arguments.SpeedLevelValueTest" time="0.001"/>
  <testcase name="getSpeedLevel_returns56" classname="com.ev3opcode.commands.output.arguments.SpeedLevelValueTest" time="0.0"/>
  <testcase name="setSpeedLevel_greaterThan100_throwsException" classname="com.ev3opcode.commands.output.arguments.SpeedLevelValueTest" time="0.001"/>
  <system-out><![CDATA[]]></system-out>
  <system-err><![CDATA[]]></system-err>
</testsuite>
