<?xml version="1.0" encoding="UTF-8"?>
<testsuite name="com.ev3opcode.common.types.ShortGlobalVariableTest" tests="5" skipped="0" failures="0" errors="0" timestamp="2025-03-14T09:06:48" hostname="DESKTOP-2OC3TGI" time="0.001">
  <properties/>
  <testcase name="setValue_positive32_throwsException" classname="com.ev3opcode.common.types.ShortGlobalVariableTest" time="0.0"/>
  <testcase name="setValue_negative_throwsException" classname="com.ev3opcode.common.types.ShortGlobalVariableTest" time="0.001"/>
  <testcase name="getBytes_positive31_flagsSet" classname="com.ev3opcode.common.types.ShortGlobalVariableTest" time="0.0"/>
  <testcase name="getBytes_zero_flagsSet" classname="com.ev3opcode.common.types.ShortGlobalVariableTest" time="0.0"/>
  <testcase name="getSize_zero_oneByte" classname="com.ev3opcode.common.types.ShortGlobalVariableTest" time="0.0"/>
  <system-out><![CDATA[]]></system-out>
  <system-err><![CDATA[]]></system-err>
</testsuite>
