<?xml version="1.0" encoding="UTF-8"?>
<testsuite name="com.ev3opcode.commands.input.arguments.DeviceTypeValueTest" tests="2" skipped="0" failures="0" errors="0" timestamp="2025-03-14T09:06:47" hostname="DESKTOP-2OC3TGI" time="0.009">
  <properties/>
  <testcase name="getDeviceType_returns1" classname="com.ev3opcode.commands.input.arguments.DeviceTypeValueTest" time="0.008"/>
  <testcase name="setDeviceType_10_setsValue" classname="com.ev3opcode.commands.input.arguments.DeviceTypeValueTest" time="0.0"/>
  <system-out><![CDATA[]]></system-out>
  <system-err><![CDATA[]]></system-err>
</testsuite>
