<?xml version="1.0" encoding="UTF-8"?>
<testsuite name="com.ev3opcode.common.types.LongStringTest" tests="4" skipped="0" failures="0" errors="0" timestamp="2025-03-14T09:06:48" hostname="DESKTOP-2OC3TGI" time="0.0">
  <properties/>
  <testcase name="getSize_testText_sixBytes" classname="com.ev3opcode.common.types.LongStringTest" time="0.0"/>
  <testcase name="getValue_string_sameString" classname="com.ev3opcode.common.types.LongStringTest" time="0.0"/>
  <testcase name="getBytes_emptyString_flagAndTerminationChar" classname="com.ev3opcode.common.types.LongStringTest" time="0.0"/>
  <testcase name="getBytes_testText_flagBytesArrayZeroTerminated" classname="com.ev3opcode.common.types.LongStringTest" time="0.0"/>
  <system-out><![CDATA[]]></system-out>
  <system-err><![CDATA[]]></system-err>
</testsuite>
